<?xml version="1.0" encoding="UTF-8"?>
<!-- Generated by org.testng.reporters.JUnitReportReporter -->
<testsuite hostname="DESKTOP-KLGSHSP" failures="0" tests="1" name="StudentTest" time="0.005" errors="0" timestamp="16 Jan 2024 17:16:05 GMT">
  <testcase classname="StudentTest" name="testName" time="0.005"/>
</testsuite> <!-- StudentTest -->
